<?xml version="1.0" encoding="UTF-8"?>
<testsuite name="com.sciencemj.server.domain.PostsRepositoryTest" tests="2" skipped="0" failures="0" errors="0" timestamp="2021-05-16T03:20:38" hostname="Changhyunui-MacBook.local" time="0.067">
  <properties/>
  <testcase name="게시글저장_불러오기" classname="com.sciencemj.server.domain.PostsRepositoryTest" time="0.032"/>
  <testcase name="BaseTimeEntity_등록" classname="com.sciencemj.server.domain.PostsRepositoryTest" time="0.035"/>
  <system-out><![CDATA[2021-05-16 12:20:36.005  INFO 62357 --- [    Test worker] .b.t.c.SpringBootTestContextBootstrapper : Neither @ContextConfiguration nor @ContextHierarchy found for test class [com.sciencemj.server.domain.PostsRepositoryTest], using SpringBootContextLoader
2021-05-16 12:20:36.006  INFO 62357 --- [    Test worker] o.s.t.c.support.AbstractContextLoader    : Could not detect default resource locations for test class [com.sciencemj.server.domain.PostsRepositoryTest]: no resource found for suffixes {-context.xml, Context.groovy}.
2021-05-16 12:20:36.007  INFO 62357 --- [    Test worker] t.c.s.AnnotationConfigContextLoaderUtils : Could not detect default configuration classes for test class [com.sciencemj.server.domain.PostsRepositoryTest]: PostsRepositoryTest does not declare any static, non-private, non-final, nested classes annotated with @Configuration.
2021-05-16 12:20:36.025  INFO 62357 --- [    Test worker] .b.t.c.SpringBootTestContextBootstrapper : Found @SpringBootConfiguration com.sciencemj.server.Application for test class com.sciencemj.server.domain.PostsRepositoryTest
2021-05-16 12:20:36.047  INFO 62357 --- [    Test worker] .b.t.c.SpringBootTestContextBootstrapper : Loaded default TestExecutionListener class names from location [META-INF/spring.factories]: [org.springframework.security.test.context.support.WithSecurityContextTestExecutionListener, org.springframework.security.test.context.support.ReactorContextTestExecutionListener, org.springframework.boot.test.autoconfigure.restdocs.RestDocsTestExecutionListener, org.springframework.boot.test.autoconfigure.web.client.MockRestServiceServerResetTestExecutionListener, org.springframework.boot.test.autoconfigure.web.servlet.MockMvcPrintOnlyOnFailureTestExecutionListener, org.springframework.boot.test.autoconfigure.web.servlet.WebDriverTestExecutionListener, org.springframework.boot.test.mock.mockito.MockitoTestExecutionListener, org.springframework.boot.test.mock.mockito.ResetMocksTestExecutionListener, org.springframework.test.context.web.ServletTestExecutionListener, org.springframework.test.context.support.DirtiesContextBeforeModesTestExecutionListener, org.springframework.test.context.support.DependencyInjectionTestExecutionListener, org.springframework.test.context.support.DirtiesContextTestExecutionListener, org.springframework.test.context.transaction.TransactionalTestExecutionListener, org.springframework.test.context.jdbc.SqlScriptsTestExecutionListener]
2021-05-16 12:20:36.051  INFO 62357 --- [    Test worker] .b.t.c.SpringBootTestContextBootstrapper : Using TestExecutionListeners: [org.springframework.test.context.web.ServletTestExecutionListener@19b7844c, org.springframework.test.context.support.DirtiesContextBeforeModesTestExecutionListener@58f6a761, org.springframework.boot.test.mock.mockito.MockitoTestExecutionListener@734145b2, org.springframework.boot.test.autoconfigure.SpringBootDependencyInjectionTestExecutionListener@5f59ae80, org.springframework.test.context.support.DirtiesContextTestExecutionListener@7ae9c4c3, org.springframework.test.context.transaction.TransactionalTestExecutionListener@17c9b950, org.springframework.test.context.jdbc.SqlScriptsTestExecutionListener@6e5c02ce, org.springframework.security.test.context.support.WithSecurityContextTestExecutionListener@7c639c2b, org.springframework.security.test.context.support.ReactorContextTestExecutionListener@481890b8, org.springframework.boot.test.autoconfigure.restdocs.RestDocsTestExecutionListener@1241a3d2, org.springframework.boot.test.autoconfigure.web.client.MockRestServiceServerResetTestExecutionListener@1c059926, org.springframework.boot.test.autoconfigure.web.servlet.MockMvcPrintOnlyOnFailureTestExecutionListener@7c67dc49, org.springframework.boot.test.autoconfigure.web.servlet.WebDriverTestExecutionListener@70760e2d, org.springframework.boot.test.mock.mockito.ResetMocksTestExecutionListener@6f366cc2]

  .   ____          _            __ _ _
 /\\ / ___'_ __ _ _(_)_ __  __ _ \ \ \ \
( ( )\___ | '_ | '_| | '_ \/ _` | \ \ \ \
 \\/  ___)| |_)| | | | | || (_| |  ) ) ) )
  '  |____| .__|_| |_|_| |_\__, | / / / /
 =========|_|==============|___/=/_/_/_/
 :: Spring Boot ::        (v2.1.9.RELEASE)

2021-05-16 12:20:36.142  INFO 62357 --- [    Test worker] c.s.server.domain.PostsRepositoryTest    : Starting PostsRepositoryTest on Changhyunui-MacBook.local with PID 62357 (started by sciencemj in /Users/sciencemj/IdeaProjects/java_server)
2021-05-16 12:20:36.143  INFO 62357 --- [    Test worker] c.s.server.domain.PostsRepositoryTest    : The following profiles are active: oauth,real-db,test
2021-05-16 12:20:36.464  INFO 62357 --- [    Test worker] .s.d.r.c.RepositoryConfigurationDelegate : Bootstrapping Spring Data repositories in DEFAULT mode.
2021-05-16 12:20:36.493  INFO 62357 --- [    Test worker] .s.d.r.c.RepositoryConfigurationDelegate : Finished Spring Data repository scanning in 28ms. Found 2 repository interfaces.
2021-05-16 12:20:36.736  INFO 62357 --- [    Test worker] trationDelegate$BeanPostProcessorChecker : Bean 'org.springframework.transaction.annotation.ProxyTransactionManagementConfiguration' of type [org.springframework.transaction.annotation.ProxyTransactionManagementConfiguration$$EnhancerBySpringCGLIB$$d2cb3826] is not eligible for getting processed by all BeanPostProcessors (for example: not eligible for auto-proxying)
2021-05-16 12:20:36.885  INFO 62357 --- [    Test worker] com.zaxxer.hikari.HikariDataSource       : HikariPool-2 - Starting...
2021-05-16 12:20:36.889  INFO 62357 --- [    Test worker] com.zaxxer.hikari.HikariDataSource       : HikariPool-2 - Start completed.
2021-05-16 12:20:36.930  INFO 62357 --- [    Test worker] o.hibernate.jpa.internal.util.LogHelper  : HHH000204: Processing PersistenceUnitInfo [
	name: default
	...]
2021-05-16 12:20:36.941  INFO 62357 --- [    Test worker] org.hibernate.dialect.Dialect            : HHH000400: Using dialect: org.hibernate.dialect.MySQL5InnoDBDialect
Hibernate: drop table if exists posts
Hibernate: drop table if exists user
Hibernate: create table posts (id bigint not null auto_increment, created_date datetime, modified_date datetime, author varchar(255), content TEXT not null, title varchar(500) not null, primary key (id)) engine=InnoDB
Hibernate: create table user (id bigint not null auto_increment, email varchar(255) not null, name varchar(255) not null, picture varchar(255), role varchar(255) not null, primary key (id)) engine=InnoDB
2021-05-16 12:20:37.041  INFO 62357 --- [    Test worker] o.h.t.schema.internal.SchemaCreatorImpl  : HHH000476: Executing import script 'org.hibernate.tool.schema.internal.exec.ScriptSourceInputNonExistentImpl@44408921'
2021-05-16 12:20:37.043  INFO 62357 --- [    Test worker] j.LocalContainerEntityManagerFactoryBean : Initialized JPA EntityManagerFactory for persistence unit 'default'
2021-05-16 12:20:37.406  INFO 62357 --- [    Test worker] o.h.h.i.QueryTranslatorFactoryInitiator  : HHH000397: Using ASTQueryTranslatorFactory
2021-05-16 12:20:37.671  INFO 62357 --- [    Test worker] o.s.s.web.DefaultSecurityFilterChain     : Creating filter chain: any request, [org.springframework.security.web.context.request.async.WebAsyncManagerIntegrationFilter@41fa109e, org.springframework.security.web.context.SecurityContextPersistenceFilter@76fce8ea, org.springframework.security.web.header.HeaderWriterFilter@61e11d50, org.springframework.security.web.authentication.logout.LogoutFilter@26888ad3, org.springframework.security.oauth2.client.web.OAuth2AuthorizationRequestRedirectFilter@5f2ec48, org.springframework.security.oauth2.client.web.OAuth2LoginAuthenticationFilter@7c0e6302, org.springframework.security.web.authentication.ui.DefaultLoginPageGeneratingFilter@37a28f75, org.springframework.security.web.authentication.ui.DefaultLogoutPageGeneratingFilter@2f269ae4, org.springframework.security.web.savedrequest.RequestCacheAwareFilter@410098cd, org.springframework.security.web.servletapi.SecurityContextHolderAwareRequestFilter@28620620, org.springframework.security.web.authentication.AnonymousAuthenticationFilter@3da4a3e4, org.springframework.security.web.session.SessionManagementFilter@27c7030a, org.springframework.security.web.access.ExceptionTranslationFilter@3921dd4d, org.springframework.security.web.access.intercept.FilterSecurityInterceptor@62719875]
2021-05-16 12:20:38.159  INFO 62357 --- [    Test worker] o.s.s.concurrent.ThreadPoolTaskExecutor  : Initializing ExecutorService 'applicationTaskExecutor'
2021-05-16 12:20:38.189  WARN 62357 --- [    Test worker] aWebConfiguration$JpaWebMvcConfiguration : spring.jpa.open-in-view is enabled by default. Therefore, database queries may be performed during view rendering. Explicitly configure spring.jpa.open-in-view to disable this warning
2021-05-16 12:20:38.240  INFO 62357 --- [    Test worker] o.s.b.a.w.s.WelcomePageHandlerMapping    : Adding welcome page template: index
2021-05-16 12:20:38.823  INFO 62357 --- [    Test worker] s.a.ScheduledAnnotationBeanPostProcessor : No TaskScheduler/ScheduledExecutorService bean found for scheduled processing
2021-05-16 12:20:38.825  INFO 62357 --- [    Test worker] c.s.server.domain.PostsRepositoryTest    : Started PostsRepositoryTest in 2.768 seconds (JVM running for 17.995)
Hibernate: insert into posts (created_date, modified_date, author, content, title) values (?, ?, ?, ?, ?)
Hibernate: select posts0_.id as id1_0_, posts0_.created_date as created_2_0_, posts0_.modified_date as modified3_0_, posts0_.author as author4_0_, posts0_.content as content5_0_, posts0_.title as title6_0_ from posts posts0_
Hibernate: select posts0_.id as id1_0_, posts0_.created_date as created_2_0_, posts0_.modified_date as modified3_0_, posts0_.author as author4_0_, posts0_.content as content5_0_, posts0_.title as title6_0_ from posts posts0_
Hibernate: delete from posts where id=?
Hibernate: insert into posts (created_date, modified_date, author, content, title) values (?, ?, ?, ?, ?)
Hibernate: select posts0_.id as id1_0_, posts0_.created_date as created_2_0_, posts0_.modified_date as modified3_0_, posts0_.author as author4_0_, posts0_.content as content5_0_, posts0_.title as title6_0_ from posts posts0_
>>>> createdDate=2021-05-16T12:20:38.868, modifiedDate=2021-05-16T12:20:38.868
Hibernate: select posts0_.id as id1_0_, posts0_.created_date as created_2_0_, posts0_.modified_date as modified3_0_, posts0_.author as author4_0_, posts0_.content as content5_0_, posts0_.title as title6_0_ from posts posts0_
Hibernate: delete from posts where id=?
]]></system-out>
  <system-err><![CDATA[]]></system-err>
</testsuite>
