<?xml version="1.0" encoding="UTF-8"?>
<testsuite name="com.sciencemj.server.domain.PostsRepositoryTest" tests="2" skipped="0" failures="0" errors="0" timestamp="2021-05-12T12:29:48" hostname="Changhyunui-MacBook.local" time="0.043">
  <properties/>
  <testcase name="게시글저장_불러오기" classname="com.sciencemj.server.domain.PostsRepositoryTest" time="0.028"/>
  <testcase name="BaseTimeEntity_등록" classname="com.sciencemj.server.domain.PostsRepositoryTest" time="0.014"/>
  <system-out><![CDATA[2021-05-12 21:29:46.263  INFO 31782 --- [    Test worker] .b.t.c.SpringBootTestContextBootstrapper : Neither @ContextConfiguration nor @ContextHierarchy found for test class [com.sciencemj.server.domain.PostsRepositoryTest], using SpringBootContextLoader
2021-05-12 21:29:46.265  INFO 31782 --- [    Test worker] o.s.t.c.support.AbstractContextLoader    : Could not detect default resource locations for test class [com.sciencemj.server.domain.PostsRepositoryTest]: no resource found for suffixes {-context.xml, Context.groovy}.
2021-05-12 21:29:46.266  INFO 31782 --- [    Test worker] t.c.s.AnnotationConfigContextLoaderUtils : Could not detect default configuration classes for test class [com.sciencemj.server.domain.PostsRepositoryTest]: PostsRepositoryTest does not declare any static, non-private, non-final, nested classes annotated with @Configuration.
2021-05-12 21:29:46.273  INFO 31782 --- [    Test worker] .b.t.c.SpringBootTestContextBootstrapper : Found @SpringBootConfiguration com.sciencemj.server.Application for test class com.sciencemj.server.domain.PostsRepositoryTest
2021-05-12 21:29:46.279  INFO 31782 --- [    Test worker] .b.t.c.SpringBootTestContextBootstrapper : Loaded default TestExecutionListener class names from location [META-INF/spring.factories]: [org.springframework.boot.test.autoconfigure.restdocs.RestDocsTestExecutionListener, org.springframework.boot.test.autoconfigure.web.client.MockRestServiceServerResetTestExecutionListener, org.springframework.boot.test.autoconfigure.web.servlet.MockMvcPrintOnlyOnFailureTestExecutionListener, org.springframework.boot.test.autoconfigure.web.servlet.WebDriverTestExecutionListener, org.springframework.boot.test.mock.mockito.MockitoTestExecutionListener, org.springframework.boot.test.mock.mockito.ResetMocksTestExecutionListener, org.springframework.test.context.web.ServletTestExecutionListener, org.springframework.test.context.support.DirtiesContextBeforeModesTestExecutionListener, org.springframework.test.context.support.DependencyInjectionTestExecutionListener, org.springframework.test.context.support.DirtiesContextTestExecutionListener, org.springframework.test.context.transaction.TransactionalTestExecutionListener, org.springframework.test.context.jdbc.SqlScriptsTestExecutionListener]
2021-05-12 21:29:46.281  INFO 31782 --- [    Test worker] .b.t.c.SpringBootTestContextBootstrapper : Using TestExecutionListeners: [org.springframework.test.context.web.ServletTestExecutionListener@28c36f25, org.springframework.test.context.support.DirtiesContextBeforeModesTestExecutionListener@1b19200d, org.springframework.boot.test.mock.mockito.MockitoTestExecutionListener@44ff77dc, org.springframework.boot.test.autoconfigure.SpringBootDependencyInjectionTestExecutionListener@7deee6be, org.springframework.test.context.support.DirtiesContextTestExecutionListener@4ee71461, org.springframework.test.context.transaction.TransactionalTestExecutionListener@1c2c5cf8, org.springframework.test.context.jdbc.SqlScriptsTestExecutionListener@23528936, org.springframework.boot.test.autoconfigure.restdocs.RestDocsTestExecutionListener@298340f4, org.springframework.boot.test.autoconfigure.web.client.MockRestServiceServerResetTestExecutionListener@5f311db9, org.springframework.boot.test.autoconfigure.web.servlet.MockMvcPrintOnlyOnFailureTestExecutionListener@2184513b, org.springframework.boot.test.autoconfigure.web.servlet.WebDriverTestExecutionListener@16286704, org.springframework.boot.test.mock.mockito.ResetMocksTestExecutionListener@259f01d5]

  .   ____          _            __ _ _
 /\\ / ___'_ __ _ _(_)_ __  __ _ \ \ \ \
( ( )\___ | '_ | '_| | '_ \/ _` | \ \ \ \
 \\/  ___)| |_)| | | | | || (_| |  ) ) ) )
  '  |____| .__|_| |_|_| |_\__, | / / / /
 =========|_|==============|___/=/_/_/_/
 :: Spring Boot ::        (v2.1.9.RELEASE)

2021-05-12 21:29:46.420  INFO 31782 --- [    Test worker] c.s.server.domain.PostsRepositoryTest    : Starting PostsRepositoryTest on Changhyunui-MacBook.local with PID 31782 (started by sciencemj in /Users/sciencemj/IdeaProjects/java_server)
2021-05-12 21:29:46.420  INFO 31782 --- [    Test worker] c.s.server.domain.PostsRepositoryTest    : The following profiles are active: oauth
2021-05-12 21:29:46.678  INFO 31782 --- [    Test worker] .s.d.r.c.RepositoryConfigurationDelegate : Bootstrapping Spring Data repositories in DEFAULT mode.
2021-05-12 21:29:46.698  INFO 31782 --- [    Test worker] .s.d.r.c.RepositoryConfigurationDelegate : Finished Spring Data repository scanning in 20ms. Found 2 repository interfaces.
2021-05-12 21:29:46.865  INFO 31782 --- [    Test worker] trationDelegate$BeanPostProcessorChecker : Bean 'org.springframework.transaction.annotation.ProxyTransactionManagementConfiguration' of type [org.springframework.transaction.annotation.ProxyTransactionManagementConfiguration$$EnhancerBySpringCGLIB$$b366c8b4] is not eligible for getting processed by all BeanPostProcessors (for example: not eligible for auto-proxying)
2021-05-12 21:29:46.976  INFO 31782 --- [    Test worker] com.zaxxer.hikari.HikariDataSource       : HikariPool-2 - Starting...
2021-05-12 21:29:46.978  INFO 31782 --- [    Test worker] com.zaxxer.hikari.HikariDataSource       : HikariPool-2 - Start completed.
2021-05-12 21:29:47.008  INFO 31782 --- [    Test worker] o.hibernate.jpa.internal.util.LogHelper  : HHH000204: Processing PersistenceUnitInfo [
	name: default
	...]
2021-05-12 21:29:47.016  INFO 31782 --- [    Test worker] org.hibernate.dialect.Dialect            : HHH000400: Using dialect: org.hibernate.dialect.H2Dialect
Hibernate: drop table posts if exists
Hibernate: drop table user if exists
Hibernate: create table posts (id bigint generated by default as identity, created_date timestamp, modified_date timestamp, author varchar(255), content TEXT not null, title varchar(500) not null, primary key (id))
Hibernate: create table user (id bigint generated by default as identity, email varchar(255) not null, name varchar(255) not null, picture varchar(255), role varchar(255) not null, primary key (id))
2021-05-12 21:29:47.076  INFO 31782 --- [    Test worker] o.h.t.schema.internal.SchemaCreatorImpl  : HHH000476: Executing import script 'org.hibernate.tool.schema.internal.exec.ScriptSourceInputNonExistentImpl@2858021f'
2021-05-12 21:29:47.077  INFO 31782 --- [    Test worker] j.LocalContainerEntityManagerFactoryBean : Initialized JPA EntityManagerFactory for persistence unit 'default'
2021-05-12 21:29:47.315  INFO 31782 --- [    Test worker] o.h.h.i.QueryTranslatorFactoryInitiator  : HHH000397: Using ASTQueryTranslatorFactory
2021-05-12 21:29:47.557  INFO 31782 --- [    Test worker] o.s.s.web.DefaultSecurityFilterChain     : Creating filter chain: any request, [org.springframework.security.web.context.request.async.WebAsyncManagerIntegrationFilter@296b5fe, org.springframework.security.web.context.SecurityContextPersistenceFilter@6f2fea55, org.springframework.security.web.header.HeaderWriterFilter@61050b27, org.springframework.security.web.authentication.logout.LogoutFilter@191b8035, org.springframework.security.oauth2.client.web.OAuth2AuthorizationRequestRedirectFilter@2097fa67, org.springframework.security.oauth2.client.web.OAuth2LoginAuthenticationFilter@6ccf0fd8, org.springframework.security.web.authentication.ui.DefaultLoginPageGeneratingFilter@9f6be1c, org.springframework.security.web.authentication.ui.DefaultLogoutPageGeneratingFilter@13a659f3, org.springframework.security.web.savedrequest.RequestCacheAwareFilter@13a75b7c, org.springframework.security.web.servletapi.SecurityContextHolderAwareRequestFilter@5ab2361c, org.springframework.security.web.authentication.AnonymousAuthenticationFilter@cfddd22, org.springframework.security.web.session.SessionManagementFilter@5f3184c2, org.springframework.security.web.access.ExceptionTranslationFilter@5fb47814, org.springframework.security.web.access.intercept.FilterSecurityInterceptor@7bcd5d92]
2021-05-12 21:29:47.921  INFO 31782 --- [    Test worker] o.s.s.concurrent.ThreadPoolTaskExecutor  : Initializing ExecutorService 'applicationTaskExecutor'
2021-05-12 21:29:47.940  WARN 31782 --- [    Test worker] aWebConfiguration$JpaWebMvcConfiguration : spring.jpa.open-in-view is enabled by default. Therefore, database queries may be performed during view rendering. Explicitly configure spring.jpa.open-in-view to disable this warning
2021-05-12 21:29:47.975  INFO 31782 --- [    Test worker] o.s.b.a.w.s.WelcomePageHandlerMapping    : Adding welcome page template: index
2021-05-12 21:29:48.425  INFO 31782 --- [    Test worker] s.a.ScheduledAnnotationBeanPostProcessor : No TaskScheduler/ScheduledExecutorService bean found for scheduled processing
2021-05-12 21:29:48.427  INFO 31782 --- [    Test worker] c.s.server.domain.PostsRepositoryTest    : Started PostsRepositoryTest in 2.143 seconds (JVM running for 15.023)
Hibernate: insert into posts (id, created_date, modified_date, author, content, title) values (null, ?, ?, ?, ?, ?)
Hibernate: select posts0_.id as id1_0_, posts0_.created_date as created_2_0_, posts0_.modified_date as modified3_0_, posts0_.author as author4_0_, posts0_.content as content5_0_, posts0_.title as title6_0_ from posts posts0_
Hibernate: select posts0_.id as id1_0_, posts0_.created_date as created_2_0_, posts0_.modified_date as modified3_0_, posts0_.author as author4_0_, posts0_.content as content5_0_, posts0_.title as title6_0_ from posts posts0_
Hibernate: delete from posts where id=?
Hibernate: insert into posts (id, created_date, modified_date, author, content, title) values (null, ?, ?, ?, ?, ?)
Hibernate: select posts0_.id as id1_0_, posts0_.created_date as created_2_0_, posts0_.modified_date as modified3_0_, posts0_.author as author4_0_, posts0_.content as content5_0_, posts0_.title as title6_0_ from posts posts0_
>>>> createdDate=2021-05-12T21:29:48.471, modifiedDate=2021-05-12T21:29:48.471
Hibernate: select posts0_.id as id1_0_, posts0_.created_date as created_2_0_, posts0_.modified_date as modified3_0_, posts0_.author as author4_0_, posts0_.content as content5_0_, posts0_.title as title6_0_ from posts posts0_
Hibernate: delete from posts where id=?
]]></system-out>
  <system-err><![CDATA[]]></system-err>
</testsuite>
