<?xml version="1.0" encoding="UTF-8"?>
<testsuite name="com.sciencemj.server.domain.PostsRepositoryTest" tests="2" skipped="0" failures="0" errors="0" timestamp="2021-05-15T14:36:02" hostname="Changhyunui-MacBook.local" time="1.489">
  <properties/>
  <testcase name="게시글저장_불러오기" classname="com.sciencemj.server.domain.PostsRepositoryTest" time="1.323"/>
  <testcase name="BaseTimeEntity_등록" classname="com.sciencemj.server.domain.PostsRepositoryTest" time="0.162"/>
  <system-out><![CDATA[23:35:42.920 [Test worker] DEBUG org.springframework.test.context.junit4.SpringJUnit4ClassRunner - SpringJUnit4ClassRunner constructor called with [class com.sciencemj.server.domain.PostsRepositoryTest]
23:35:42.938 [Test worker] DEBUG org.springframework.test.context.BootstrapUtils - Instantiating CacheAwareContextLoaderDelegate from class [org.springframework.test.context.cache.DefaultCacheAwareContextLoaderDelegate]
23:35:42.977 [Test worker] DEBUG org.springframework.test.context.BootstrapUtils - Instantiating BootstrapContext using constructor [public org.springframework.test.context.support.DefaultBootstrapContext(java.lang.Class,org.springframework.test.context.CacheAwareContextLoaderDelegate)]
23:35:43.135 [Test worker] DEBUG org.springframework.test.context.BootstrapUtils - Instantiating TestContextBootstrapper for test class [com.sciencemj.server.domain.PostsRepositoryTest] from class [org.springframework.boot.test.context.SpringBootTestContextBootstrapper]
23:35:43.198 [Test worker] INFO org.springframework.boot.test.context.SpringBootTestContextBootstrapper - Neither @ContextConfiguration nor @ContextHierarchy found for test class [com.sciencemj.server.domain.PostsRepositoryTest], using SpringBootContextLoader
23:35:43.213 [Test worker] DEBUG org.springframework.test.context.support.AbstractContextLoader - Did not detect default resource location for test class [com.sciencemj.server.domain.PostsRepositoryTest]: class path resource [com/sciencemj/server/domain/PostsRepositoryTest-context.xml] does not exist
23:35:43.214 [Test worker] DEBUG org.springframework.test.context.support.AbstractContextLoader - Did not detect default resource location for test class [com.sciencemj.server.domain.PostsRepositoryTest]: class path resource [com/sciencemj/server/domain/PostsRepositoryTestContext.groovy] does not exist
23:35:43.215 [Test worker] INFO org.springframework.test.context.support.AbstractContextLoader - Could not detect default resource locations for test class [com.sciencemj.server.domain.PostsRepositoryTest]: no resource found for suffixes {-context.xml, Context.groovy}.
23:35:43.218 [Test worker] INFO org.springframework.test.context.support.AnnotationConfigContextLoaderUtils - Could not detect default configuration classes for test class [com.sciencemj.server.domain.PostsRepositoryTest]: PostsRepositoryTest does not declare any static, non-private, non-final, nested classes annotated with @Configuration.
23:35:43.442 [Test worker] DEBUG org.springframework.test.context.support.ActiveProfilesUtils - Could not find an 'annotation declaring class' for annotation type [org.springframework.test.context.ActiveProfiles] and class [com.sciencemj.server.domain.PostsRepositoryTest]
23:35:44.270 [Test worker] DEBUG org.springframework.context.annotation.ClassPathScanningCandidateComponentProvider - Identified candidate component class: file [/Users/sciencemj/IdeaProjects/java_server/build/classes/java/main/com/sciencemj/server/Application.class]
23:35:44.274 [Test worker] INFO org.springframework.boot.test.context.SpringBootTestContextBootstrapper - Found @SpringBootConfiguration com.sciencemj.server.Application for test class com.sciencemj.server.domain.PostsRepositoryTest
23:35:44.889 [Test worker] DEBUG org.springframework.boot.test.context.SpringBootTestContextBootstrapper - @TestExecutionListeners is not present for class [com.sciencemj.server.domain.PostsRepositoryTest]: using defaults.
23:35:44.892 [Test worker] INFO org.springframework.boot.test.context.SpringBootTestContextBootstrapper - Loaded default TestExecutionListener class names from location [META-INF/spring.factories]: [org.springframework.security.test.context.support.WithSecurityContextTestExecutionListener, org.springframework.security.test.context.support.ReactorContextTestExecutionListener, org.springframework.boot.test.autoconfigure.restdocs.RestDocsTestExecutionListener, org.springframework.boot.test.autoconfigure.web.client.MockRestServiceServerResetTestExecutionListener, org.springframework.boot.test.autoconfigure.web.servlet.MockMvcPrintOnlyOnFailureTestExecutionListener, org.springframework.boot.test.autoconfigure.web.servlet.WebDriverTestExecutionListener, org.springframework.boot.test.mock.mockito.MockitoTestExecutionListener, org.springframework.boot.test.mock.mockito.ResetMocksTestExecutionListener, org.springframework.test.context.web.ServletTestExecutionListener, org.springframework.test.context.support.DirtiesContextBeforeModesTestExecutionListener, org.springframework.test.context.support.DependencyInjectionTestExecutionListener, org.springframework.test.context.support.DirtiesContextTestExecutionListener, org.springframework.test.context.transaction.TransactionalTestExecutionListener, org.springframework.test.context.jdbc.SqlScriptsTestExecutionListener]
23:35:45.053 [Test worker] INFO org.springframework.boot.test.context.SpringBootTestContextBootstrapper - Using TestExecutionListeners: [org.springframework.test.context.web.ServletTestExecutionListener@614b4d29, org.springframework.test.context.support.DirtiesContextBeforeModesTestExecutionListener@1fc47eb2, org.springframework.boot.test.mock.mockito.MockitoTestExecutionListener@35e4d1a5, org.springframework.boot.test.autoconfigure.SpringBootDependencyInjectionTestExecutionListener@4ecd39c3, org.springframework.test.context.support.DirtiesContextTestExecutionListener@75d41736, org.springframework.test.context.transaction.TransactionalTestExecutionListener@49d9c6d0, org.springframework.test.context.jdbc.SqlScriptsTestExecutionListener@5aa35fb7, org.springframework.security.test.context.support.WithSecurityContextTestExecutionListener@7d877601, org.springframework.security.test.context.support.ReactorContextTestExecutionListener@283fb320, org.springframework.boot.test.autoconfigure.restdocs.RestDocsTestExecutionListener@2f570fb1, org.springframework.boot.test.autoconfigure.web.client.MockRestServiceServerResetTestExecutionListener@6f49b30b, org.springframework.boot.test.autoconfigure.web.servlet.MockMvcPrintOnlyOnFailureTestExecutionListener@2938f79d, org.springframework.boot.test.autoconfigure.web.servlet.WebDriverTestExecutionListener@7ccbe729, org.springframework.boot.test.mock.mockito.ResetMocksTestExecutionListener@6b764586]
23:35:45.081 [Test worker] DEBUG org.springframework.test.annotation.ProfileValueUtils - Retrieved @ProfileValueSourceConfiguration [null] for test class [com.sciencemj.server.domain.PostsRepositoryTest]
23:35:45.092 [Test worker] DEBUG org.springframework.test.annotation.ProfileValueUtils - Retrieved ProfileValueSource type [class org.springframework.test.annotation.SystemProfileValueSource] for class [com.sciencemj.server.domain.PostsRepositoryTest]
23:35:45.101 [Test worker] DEBUG org.springframework.test.annotation.ProfileValueUtils - Retrieved @ProfileValueSourceConfiguration [null] for test class [com.sciencemj.server.domain.PostsRepositoryTest]
23:35:45.106 [Test worker] DEBUG org.springframework.test.annotation.ProfileValueUtils - Retrieved ProfileValueSource type [class org.springframework.test.annotation.SystemProfileValueSource] for class [com.sciencemj.server.domain.PostsRepositoryTest]
23:35:45.113 [Test worker] DEBUG org.springframework.test.annotation.ProfileValueUtils - Retrieved @ProfileValueSourceConfiguration [null] for test class [com.sciencemj.server.domain.PostsRepositoryTest]
23:35:45.113 [Test worker] DEBUG org.springframework.test.annotation.ProfileValueUtils - Retrieved ProfileValueSource type [class org.springframework.test.annotation.SystemProfileValueSource] for class [com.sciencemj.server.domain.PostsRepositoryTest]
23:35:45.129 [Test worker] DEBUG org.springframework.test.context.support.AbstractDirtiesContextTestExecutionListener - Before test class: context [DefaultTestContext@46ca2e9d testClass = PostsRepositoryTest, testInstance = [null], testMethod = [null], testException = [null], mergedContextConfiguration = [WebMergedContextConfiguration@634e7710 testClass = PostsRepositoryTest, locations = '{}', classes = '{class com.sciencemj.server.Application}', contextInitializerClasses = '[]', activeProfiles = '{}', propertySourceLocations = '{classpath:application.properties}', propertySourceProperties = '{org.springframework.boot.test.context.SpringBootTestContextBootstrapper=true}', contextCustomizers = set[org.springframework.boot.test.autoconfigure.properties.PropertyMappingContextCustomizer@0, org.springframework.boot.test.autoconfigure.web.servlet.WebDriverContextCustomizerFactory$Customizer@4c402785, org.springframework.boot.test.context.filter.ExcludeFilterContextCustomizer@1c09da8d, org.springframework.boot.test.json.DuplicateJsonObjectContextCustomizerFactory$DuplicateJsonObjectContextCustomizer@4faeb9e5, org.springframework.boot.test.mock.mockito.MockitoContextCustomizer@0, org.springframework.boot.test.web.client.TestRestTemplateContextCustomizer@30d72329], resourceBasePath = 'src/main/webapp', contextLoader = 'org.springframework.boot.test.context.SpringBootContextLoader', parent = [null]], attributes = map['org.springframework.test.context.web.ServletTestExecutionListener.activateListener' -> true]], class annotated with @DirtiesContext [false] with mode [null].
23:35:45.132 [Test worker] DEBUG org.springframework.test.annotation.ProfileValueUtils - Retrieved @ProfileValueSourceConfiguration [null] for test class [com.sciencemj.server.domain.PostsRepositoryTest]
23:35:45.133 [Test worker] DEBUG org.springframework.test.annotation.ProfileValueUtils - Retrieved ProfileValueSource type [class org.springframework.test.annotation.SystemProfileValueSource] for class [com.sciencemj.server.domain.PostsRepositoryTest]
23:35:45.226 [Test worker] DEBUG org.springframework.test.context.support.TestPropertySourceUtils - Adding inlined properties to environment: {spring.jmx.enabled=false, org.springframework.boot.test.context.SpringBootTestContextBootstrapper=true, server.port=-1}

  .   ____          _            __ _ _
 /\\ / ___'_ __ _ _(_)_ __  __ _ \ \ \ \
( ( )\___ | '_ | '_| | '_ \/ _` | \ \ \ \
 \\/  ___)| |_)| | | | | || (_| |  ) ) ) )
  '  |____| .__|_| |_|_| |_\__, | / / / /
 =========|_|==============|___/=/_/_/_/
 :: Spring Boot ::        (v2.1.9.RELEASE)

2021-05-15 23:35:46.527  INFO 58991 --- [    Test worker] c.s.server.domain.PostsRepositoryTest    : Starting PostsRepositoryTest on Changhyunui-MacBook.local with PID 58991 (started by sciencemj in /Users/sciencemj/IdeaProjects/java_server)
2021-05-15 23:35:46.533  INFO 58991 --- [    Test worker] c.s.server.domain.PostsRepositoryTest    : The following profiles are active: oauth
2021-05-15 23:35:50.242  INFO 58991 --- [    Test worker] .s.d.r.c.RepositoryConfigurationDelegate : Bootstrapping Spring Data repositories in DEFAULT mode.
2021-05-15 23:35:50.457  INFO 58991 --- [    Test worker] .s.d.r.c.RepositoryConfigurationDelegate : Finished Spring Data repository scanning in 171ms. Found 2 repository interfaces.
2021-05-15 23:35:51.739  INFO 58991 --- [    Test worker] trationDelegate$BeanPostProcessorChecker : Bean 'org.springframework.transaction.annotation.ProxyTransactionManagementConfiguration' of type [org.springframework.transaction.annotation.ProxyTransactionManagementConfiguration$$EnhancerBySpringCGLIB$$5fc8668f] is not eligible for getting processed by all BeanPostProcessors (for example: not eligible for auto-proxying)
2021-05-15 23:35:52.419  INFO 58991 --- [    Test worker] com.zaxxer.hikari.HikariDataSource       : HikariPool-1 - Starting...
2021-05-15 23:35:53.213  INFO 58991 --- [    Test worker] com.zaxxer.hikari.HikariDataSource       : HikariPool-1 - Start completed.
2021-05-15 23:35:53.471  INFO 58991 --- [    Test worker] o.hibernate.jpa.internal.util.LogHelper  : HHH000204: Processing PersistenceUnitInfo [
	name: default
	...]
2021-05-15 23:35:53.759  INFO 58991 --- [    Test worker] org.hibernate.Version                    : HHH000412: Hibernate Core {5.3.12.Final}
2021-05-15 23:35:53.763  INFO 58991 --- [    Test worker] org.hibernate.cfg.Environment            : HHH000206: hibernate.properties not found
2021-05-15 23:35:54.091  INFO 58991 --- [    Test worker] o.hibernate.annotations.common.Version   : HCANN000001: Hibernate Commons Annotations {5.0.4.Final}
2021-05-15 23:35:54.453  INFO 58991 --- [    Test worker] org.hibernate.dialect.Dialect            : HHH000400: Using dialect: org.hibernate.dialect.H2Dialect
Hibernate: drop table posts if exists
Hibernate: drop table user if exists
Hibernate: create table posts (id bigint generated by default as identity, created_date timestamp, modified_date timestamp, author varchar(255), content TEXT not null, title varchar(500) not null, primary key (id))
Hibernate: create table user (id bigint generated by default as identity, email varchar(255) not null, name varchar(255) not null, picture varchar(255), role varchar(255) not null, primary key (id))
2021-05-15 23:35:56.445  INFO 58991 --- [    Test worker] o.h.t.schema.internal.SchemaCreatorImpl  : HHH000476: Executing import script 'org.hibernate.tool.schema.internal.exec.ScriptSourceInputNonExistentImpl@7fe95bc7'
2021-05-15 23:35:56.450  INFO 58991 --- [    Test worker] j.LocalContainerEntityManagerFactoryBean : Initialized JPA EntityManagerFactory for persistence unit 'default'
2021-05-15 23:35:58.688  INFO 58991 --- [    Test worker] o.h.h.i.QueryTranslatorFactoryInitiator  : HHH000397: Using ASTQueryTranslatorFactory
2021-05-15 23:35:59.924  INFO 58991 --- [    Test worker] o.s.s.web.DefaultSecurityFilterChain     : Creating filter chain: any request, [org.springframework.security.web.context.request.async.WebAsyncManagerIntegrationFilter@2a16962f, org.springframework.security.web.context.SecurityContextPersistenceFilter@67c46be8, org.springframework.security.web.header.HeaderWriterFilter@61675d23, org.springframework.security.web.authentication.logout.LogoutFilter@77d944f5, org.springframework.security.oauth2.client.web.OAuth2AuthorizationRequestRedirectFilter@4ae1f2b3, org.springframework.security.oauth2.client.web.OAuth2LoginAuthenticationFilter@53b60e46, org.springframework.security.web.authentication.ui.DefaultLoginPageGeneratingFilter@4d8850dd, org.springframework.security.web.authentication.ui.DefaultLogoutPageGeneratingFilter@6590ba31, org.springframework.security.web.savedrequest.RequestCacheAwareFilter@1a82235f, org.springframework.security.web.servletapi.SecurityContextHolderAwareRequestFilter@33e083e0, org.springframework.security.web.authentication.AnonymousAuthenticationFilter@56b06aad, org.springframework.security.web.session.SessionManagementFilter@45423bcd, org.springframework.security.web.access.ExceptionTranslationFilter@73e05f5b, org.springframework.security.web.access.intercept.FilterSecurityInterceptor@68efd17a]
2021-05-15 23:36:01.167  INFO 58991 --- [    Test worker] o.s.s.concurrent.ThreadPoolTaskExecutor  : Initializing ExecutorService 'applicationTaskExecutor'
2021-05-15 23:36:01.380  WARN 58991 --- [    Test worker] aWebConfiguration$JpaWebMvcConfiguration : spring.jpa.open-in-view is enabled by default. Therefore, database queries may be performed during view rendering. Explicitly configure spring.jpa.open-in-view to disable this warning
2021-05-15 23:36:01.476  INFO 58991 --- [    Test worker] o.s.b.a.w.s.WelcomePageHandlerMapping    : Adding welcome page template: index
2021-05-15 23:36:02.720  INFO 58991 --- [    Test worker] s.a.ScheduledAnnotationBeanPostProcessor : No TaskScheduler/ScheduledExecutorService bean found for scheduled processing
2021-05-15 23:36:02.749  INFO 58991 --- [    Test worker] c.s.server.domain.PostsRepositoryTest    : Started PostsRepositoryTest in 17.485 seconds (JVM running for 22.032)
Hibernate: insert into posts (id, created_date, modified_date, author, content, title) values (null, ?, ?, ?, ?, ?)
Hibernate: select posts0_.id as id1_0_, posts0_.created_date as created_2_0_, posts0_.modified_date as modified3_0_, posts0_.author as author4_0_, posts0_.content as content5_0_, posts0_.title as title6_0_ from posts posts0_
Hibernate: select posts0_.id as id1_0_, posts0_.created_date as created_2_0_, posts0_.modified_date as modified3_0_, posts0_.author as author4_0_, posts0_.content as content5_0_, posts0_.title as title6_0_ from posts posts0_
Hibernate: delete from posts where id=?
Hibernate: insert into posts (id, created_date, modified_date, author, content, title) values (null, ?, ?, ?, ?, ?)
Hibernate: select posts0_.id as id1_0_, posts0_.created_date as created_2_0_, posts0_.modified_date as modified3_0_, posts0_.author as author4_0_, posts0_.content as content5_0_, posts0_.title as title6_0_ from posts posts0_
>>>> createdDate=2021-05-15T23:36:04.307, modifiedDate=2021-05-15T23:36:04.307
Hibernate: select posts0_.id as id1_0_, posts0_.created_date as created_2_0_, posts0_.modified_date as modified3_0_, posts0_.author as author4_0_, posts0_.content as content5_0_, posts0_.title as title6_0_ from posts posts0_
Hibernate: delete from posts where id=?
]]></system-out>
  <system-err><![CDATA[]]></system-err>
</testsuite>
