<?xml version="1.0" encoding="UTF-8"?>
<testsuite name="com.sciencemj.server.web.IndexControllerTest" tests="1" skipped="0" failures="0" errors="0" timestamp="2021-05-12T12:29:45" hostname="Changhyunui-MacBook.local" time="0.589">
  <properties/>
  <testcase name="메인페이지_로딩" classname="com.sciencemj.server.web.IndexControllerTest" time="0.589"/>
  <system-out><![CDATA[2021-05-12 21:29:37.666  INFO 31782 --- [    Test worker] .b.t.c.SpringBootTestContextBootstrapper : Neither @ContextConfiguration nor @ContextHierarchy found for test class [com.sciencemj.server.web.IndexControllerTest], using SpringBootContextLoader
2021-05-12 21:29:37.668  INFO 31782 --- [    Test worker] o.s.t.c.support.AbstractContextLoader    : Could not detect default resource locations for test class [com.sciencemj.server.web.IndexControllerTest]: no resource found for suffixes {-context.xml, Context.groovy}.
2021-05-12 21:29:37.668  INFO 31782 --- [    Test worker] t.c.s.AnnotationConfigContextLoaderUtils : Could not detect default configuration classes for test class [com.sciencemj.server.web.IndexControllerTest]: IndexControllerTest does not declare any static, non-private, non-final, nested classes annotated with @Configuration.
2021-05-12 21:29:37.671  INFO 31782 --- [    Test worker] .b.t.c.SpringBootTestContextBootstrapper : Found @SpringBootConfiguration com.sciencemj.server.Application for test class com.sciencemj.server.web.IndexControllerTest
2021-05-12 21:29:37.673  INFO 31782 --- [    Test worker] .b.t.c.SpringBootTestContextBootstrapper : Loaded default TestExecutionListener class names from location [META-INF/spring.factories]: [org.springframework.boot.test.autoconfigure.restdocs.RestDocsTestExecutionListener, org.springframework.boot.test.autoconfigure.web.client.MockRestServiceServerResetTestExecutionListener, org.springframework.boot.test.autoconfigure.web.servlet.MockMvcPrintOnlyOnFailureTestExecutionListener, org.springframework.boot.test.autoconfigure.web.servlet.WebDriverTestExecutionListener, org.springframework.boot.test.mock.mockito.MockitoTestExecutionListener, org.springframework.boot.test.mock.mockito.ResetMocksTestExecutionListener, org.springframework.test.context.web.ServletTestExecutionListener, org.springframework.test.context.support.DirtiesContextBeforeModesTestExecutionListener, org.springframework.test.context.support.DependencyInjectionTestExecutionListener, org.springframework.test.context.support.DirtiesContextTestExecutionListener, org.springframework.test.context.transaction.TransactionalTestExecutionListener, org.springframework.test.context.jdbc.SqlScriptsTestExecutionListener]
2021-05-12 21:29:37.674  INFO 31782 --- [    Test worker] .b.t.c.SpringBootTestContextBootstrapper : Using TestExecutionListeners: [org.springframework.test.context.web.ServletTestExecutionListener@841ce0e, org.springframework.test.context.support.DirtiesContextBeforeModesTestExecutionListener@7bd32c00, org.springframework.boot.test.mock.mockito.MockitoTestExecutionListener@3cdb1e57, org.springframework.boot.test.autoconfigure.SpringBootDependencyInjectionTestExecutionListener@421a6152, org.springframework.test.context.support.DirtiesContextTestExecutionListener@44ade6a1, org.springframework.test.context.transaction.TransactionalTestExecutionListener@267c6118, org.springframework.test.context.jdbc.SqlScriptsTestExecutionListener@4231fa26, org.springframework.boot.test.autoconfigure.restdocs.RestDocsTestExecutionListener@53b003c3, org.springframework.boot.test.autoconfigure.web.client.MockRestServiceServerResetTestExecutionListener@78837ffa, org.springframework.boot.test.autoconfigure.web.servlet.MockMvcPrintOnlyOnFailureTestExecutionListener@3db2b553, org.springframework.boot.test.autoconfigure.web.servlet.WebDriverTestExecutionListener@701f8809, org.springframework.boot.test.mock.mockito.ResetMocksTestExecutionListener@236223d2]

  .   ____          _            __ _ _
 /\\ / ___'_ __ _ _(_)_ __  __ _ \ \ \ \
( ( )\___ | '_ | '_| | '_ \/ _` | \ \ \ \
 \\/  ___)| |_)| | | | | || (_| |  ) ) ) )
  '  |____| .__|_| |_|_| |_\__, | / / / /
 =========|_|==============|___/=/_/_/_/
 :: Spring Boot ::        (v2.1.9.RELEASE)

2021-05-12 21:29:37.773  INFO 31782 --- [    Test worker] c.s.server.web.IndexControllerTest       : Starting IndexControllerTest on Changhyunui-MacBook.local with PID 31782 (started by sciencemj in /Users/sciencemj/IdeaProjects/java_server)
2021-05-12 21:29:37.774  INFO 31782 --- [    Test worker] c.s.server.web.IndexControllerTest       : The following profiles are active: oauth
2021-05-12 21:29:38.307  INFO 31782 --- [    Test worker] .s.d.r.c.RepositoryConfigurationDelegate : Bootstrapping Spring Data repositories in DEFAULT mode.
2021-05-12 21:29:38.385  INFO 31782 --- [    Test worker] .s.d.r.c.RepositoryConfigurationDelegate : Finished Spring Data repository scanning in 68ms. Found 2 repository interfaces.
2021-05-12 21:29:38.869  INFO 31782 --- [    Test worker] trationDelegate$BeanPostProcessorChecker : Bean 'org.springframework.transaction.annotation.ProxyTransactionManagementConfiguration' of type [org.springframework.transaction.annotation.ProxyTransactionManagementConfiguration$$EnhancerBySpringCGLIB$$b366c8b4] is not eligible for getting processed by all BeanPostProcessors (for example: not eligible for auto-proxying)
2021-05-12 21:29:39.492  INFO 31782 --- [    Test worker] o.s.b.w.embedded.tomcat.TomcatWebServer  : Tomcat initialized with port(s): 0 (http)
2021-05-12 21:29:39.533  INFO 31782 --- [    Test worker] o.apache.catalina.core.StandardService   : Starting service [Tomcat]
2021-05-12 21:29:39.534  INFO 31782 --- [    Test worker] org.apache.catalina.core.StandardEngine  : Starting Servlet engine: [Apache Tomcat/9.0.26]
2021-05-12 21:29:39.717  INFO 31782 --- [    Test worker] o.a.c.c.C.[Tomcat].[localhost].[/]       : Initializing Spring embedded WebApplicationContext
2021-05-12 21:29:39.717  INFO 31782 --- [    Test worker] o.s.web.context.ContextLoader            : Root WebApplicationContext: initialization completed in 1940 ms
2021-05-12 21:29:40.110  INFO 31782 --- [    Test worker] com.zaxxer.hikari.HikariDataSource       : HikariPool-1 - Starting...
2021-05-12 21:29:40.346  INFO 31782 --- [    Test worker] com.zaxxer.hikari.HikariDataSource       : HikariPool-1 - Start completed.
2021-05-12 21:29:40.500  INFO 31782 --- [    Test worker] o.hibernate.jpa.internal.util.LogHelper  : HHH000204: Processing PersistenceUnitInfo [
	name: default
	...]
2021-05-12 21:29:40.608  INFO 31782 --- [    Test worker] org.hibernate.Version                    : HHH000412: Hibernate Core {5.3.12.Final}
2021-05-12 21:29:40.611  INFO 31782 --- [    Test worker] org.hibernate.cfg.Environment            : HHH000206: hibernate.properties not found
2021-05-12 21:29:40.874  INFO 31782 --- [    Test worker] o.hibernate.annotations.common.Version   : HCANN000001: Hibernate Commons Annotations {5.0.4.Final}
2021-05-12 21:29:41.111  INFO 31782 --- [    Test worker] org.hibernate.dialect.Dialect            : HHH000400: Using dialect: org.hibernate.dialect.H2Dialect
Hibernate: drop table posts if exists
Hibernate: drop table user if exists
Hibernate: create table posts (id bigint generated by default as identity, created_date timestamp, modified_date timestamp, author varchar(255), content TEXT not null, title varchar(500) not null, primary key (id))
Hibernate: create table user (id bigint generated by default as identity, email varchar(255) not null, name varchar(255) not null, picture varchar(255), role varchar(255) not null, primary key (id))
2021-05-12 21:29:42.268  INFO 31782 --- [    Test worker] o.h.t.schema.internal.SchemaCreatorImpl  : HHH000476: Executing import script 'org.hibernate.tool.schema.internal.exec.ScriptSourceInputNonExistentImpl@2858021f'
2021-05-12 21:29:42.273  INFO 31782 --- [    Test worker] j.LocalContainerEntityManagerFactoryBean : Initialized JPA EntityManagerFactory for persistence unit 'default'
2021-05-12 21:29:43.415  INFO 31782 --- [    Test worker] o.h.h.i.QueryTranslatorFactoryInitiator  : HHH000397: Using ASTQueryTranslatorFactory
2021-05-12 21:29:44.045  INFO 31782 --- [    Test worker] o.s.s.web.DefaultSecurityFilterChain     : Creating filter chain: any request, [org.springframework.security.web.context.request.async.WebAsyncManagerIntegrationFilter@3715697a, org.springframework.security.web.context.SecurityContextPersistenceFilter@436400b9, org.springframework.security.web.header.HeaderWriterFilter@360275f0, org.springframework.security.web.authentication.logout.LogoutFilter@55643cd0, org.springframework.security.oauth2.client.web.OAuth2AuthorizationRequestRedirectFilter@6ca8e872, org.springframework.security.oauth2.client.web.OAuth2LoginAuthenticationFilter@211da823, org.springframework.security.web.authentication.ui.DefaultLoginPageGeneratingFilter@23685d4, org.springframework.security.web.authentication.ui.DefaultLogoutPageGeneratingFilter@1836f6c4, org.springframework.security.web.savedrequest.RequestCacheAwareFilter@3d464099, org.springframework.security.web.servletapi.SecurityContextHolderAwareRequestFilter@50edd77a, org.springframework.security.web.authentication.AnonymousAuthenticationFilter@10b27cff, org.springframework.security.web.session.SessionManagementFilter@32608f9c, org.springframework.security.web.access.ExceptionTranslationFilter@253814a6, org.springframework.security.web.access.intercept.FilterSecurityInterceptor@6dc83ef]
2021-05-12 21:29:44.568  INFO 31782 --- [    Test worker] o.s.s.concurrent.ThreadPoolTaskExecutor  : Initializing ExecutorService 'applicationTaskExecutor'
2021-05-12 21:29:44.644  WARN 31782 --- [    Test worker] aWebConfiguration$JpaWebMvcConfiguration : spring.jpa.open-in-view is enabled by default. Therefore, database queries may be performed during view rendering. Explicitly configure spring.jpa.open-in-view to disable this warning
2021-05-12 21:29:44.725  INFO 31782 --- [    Test worker] o.s.b.a.w.s.WelcomePageHandlerMapping    : Adding welcome page template: index
2021-05-12 21:29:45.240  INFO 31782 --- [    Test worker] s.a.ScheduledAnnotationBeanPostProcessor : No TaskScheduler/ScheduledExecutorService bean found for scheduled processing
2021-05-12 21:29:45.279  INFO 31782 --- [    Test worker] o.s.b.w.embedded.tomcat.TomcatWebServer  : Tomcat started on port(s): 50189 (http) with context path ''
2021-05-12 21:29:45.281  INFO 31782 --- [    Test worker] c.s.server.web.IndexControllerTest       : Started IndexControllerTest in 7.603 seconds (JVM running for 11.878)
2021-05-12 21:29:45.531  INFO 31782 --- [o-auto-1-exec-1] o.a.c.c.C.[Tomcat].[localhost].[/]       : Initializing Spring DispatcherServlet 'dispatcherServlet'
2021-05-12 21:29:45.532  INFO 31782 --- [o-auto-1-exec-1] o.s.web.servlet.DispatcherServlet        : Initializing Servlet 'dispatcherServlet'
2021-05-12 21:29:45.567  INFO 31782 --- [o-auto-1-exec-1] o.s.web.servlet.DispatcherServlet        : Completed initialization in 35 ms
Hibernate: select posts0_.id as id1_0_, posts0_.created_date as created_2_0_, posts0_.modified_date as modified3_0_, posts0_.author as author4_0_, posts0_.content as content5_0_, posts0_.title as title6_0_ from posts posts0_ order by posts0_.id DESC
]]></system-out>
  <system-err><![CDATA[]]></system-err>
</testsuite>
